0 info it worked if it ends with ok
1 verbose cli [ '/Users/weihou/.nvm/v10.16.3/bin/node',
1 verbose cli   '/Users/weihou/Documents/work/node_pro/clientsdk/paypal-card-components/node_modules/.bin/npm',
1 verbose cli   'run',
1 verbose cli   'lint' ]
2 info using npm@3.10.10
3 info using node@v10.16.3
4 warn invalid config loglevel="notice"
5 verbose run-script [ 'prelint', 'lint', 'postlint' ]
6 info lifecycle @paypal/card-components@1.0.35~prelint: @paypal/card-components@1.0.35
7 silly lifecycle @paypal/card-components@1.0.35~prelint: no script for prelint, continuing
8 info lifecycle @paypal/card-components@1.0.35~lint: @paypal/card-components@1.0.35
9 verbose lifecycle @paypal/card-components@1.0.35~lint: unsafe-perm in lifecycle true
10 verbose lifecycle @paypal/card-components@1.0.35~lint: PATH: /Users/weihou/Documents/work/node_pro/clientsdk/paypal-card-components/node_modules/npm/bin/node-gyp-bin:/Users/weihou/Documents/work/node_pro/clientsdk/paypal-card-components/node_modules/.bin:/Users/weihou/.nvm/v10.16.3/lib/node_modules/npm/node_modules/npm-lifecycle/node-gyp-bin:/Users/weihou/Documents/work/node_pro/clientsdk/paypal-card-components/node_modules/.bin:/Users/weihou/.nvm/v10.16.3/bin:/Users/weihou/Downloads/apache-maven-3.2.3/bin/:/usr/local/bin:/usr/bin:/bin:/usr/sbin:/sbin
11 verbose lifecycle @paypal/card-components@1.0.35~lint: CWD: /Users/weihou/Documents/work/node_pro/clientsdk/paypal-card-components
12 silly lifecycle @paypal/card-components@1.0.35~lint: Args: [ '-c', 'eslint src/ test/ *.js' ]
13 silly lifecycle @paypal/card-components@1.0.35~lint: Returned: code: 2  signal: null
14 info lifecycle @paypal/card-components@1.0.35~lint: Failed to exec lint script
15 verbose stack Error: @paypal/card-components@1.0.35 lint: `eslint src/ test/ *.js`
15 verbose stack Exit status 2
15 verbose stack     at EventEmitter.<anonymous> (/Users/weihou/Documents/work/node_pro/clientsdk/paypal-card-components/node_modules/npm/lib/utils/lifecycle.js:255:16)
15 verbose stack     at EventEmitter.emit (events.js:198:13)
15 verbose stack     at ChildProcess.<anonymous> (/Users/weihou/Documents/work/node_pro/clientsdk/paypal-card-components/node_modules/npm/lib/utils/spawn.js:40:14)
15 verbose stack     at ChildProcess.emit (events.js:198:13)
15 verbose stack     at maybeClose (internal/child_process.js:982:16)
15 verbose stack     at Process.ChildProcess._handle.onexit (internal/child_process.js:259:5)
16 verbose pkgid @paypal/card-components@1.0.35
17 verbose cwd /Users/weihou/Documents/work/node_pro/clientsdk/paypal-card-components
18 error Darwin 18.7.0
19 error argv "/Users/weihou/.nvm/v10.16.3/bin/node" "/Users/weihou/Documents/work/node_pro/clientsdk/paypal-card-components/node_modules/.bin/npm" "run" "lint"
20 error node v10.16.3
21 error npm  v3.10.10
22 error code ELIFECYCLE
23 error @paypal/card-components@1.0.35 lint: `eslint src/ test/ *.js`
23 error Exit status 2
24 error Failed at the @paypal/card-components@1.0.35 lint script 'eslint src/ test/ *.js'.
24 error Make sure you have the latest version of node.js and npm installed.
24 error If you do, this is most likely a problem with the @paypal/card-components package,
24 error not with npm itself.
24 error Tell the author that this fails on your system:
24 error     eslint src/ test/ *.js
24 error You can get information on how to open an issue for this project with:
24 error     npm bugs @paypal/card-components
24 error Or if that isn't available, you can get their info via:
24 error     npm owner ls @paypal/card-components
24 error There is likely additional logging output above.
25 verbose exit [ 1, true ]
